Using pre-set license
Built from '2021.3/staging' branch; Version is '2021.3.11f1 (0a5ca18544bf) revision 679073'; Using compiler version '192829333'; Build Type 'Release'
OS: 'Windows 11  (10.0.22621) 64bit CoreSingleLanguage' Language: 'en' Physical Memory: 15628 MB
BatchMode: 1, IsHumanControllingUs: 0, StartBugReporterOnCrash: 0, Is64bit: 1, IsPro: 1

COMMAND LINE ARGUMENTS:
C:\Program Files\Unity\Hub\Editor\2021.3.11f1\Editor\Unity.exe
-adb2
-batchMode
-noUpm
-name
AssetImportWorker10
-projectPath
C:/Users/Razam/Documents/GitHub/CadenceFiles/Cadence/Cadence
-logFile
Logs/AssetImportWorker10.log
-srvPort
64886
Successfully changed project path to: C:/Users/Razam/Documents/GitHub/CadenceFiles/Cadence/Cadence
C:/Users/Razam/Documents/GitHub/CadenceFiles/Cadence/Cadence
[UnityMemory] Configuration Parameters - Can be set up in boot.config
    "memorysetup-bucket-allocator-granularity=16"
    "memorysetup-bucket-allocator-bucket-count=8"
    "memorysetup-bucket-allocator-block-size=33554432"
    "memorysetup-bucket-allocator-block-count=8"
    "memorysetup-main-allocator-block-size=16777216"
    "memorysetup-thread-allocator-block-size=16777216"
    "memorysetup-gfx-main-allocator-block-size=16777216"
    "memorysetup-gfx-thread-allocator-block-size=16777216"
    "memorysetup-cache-allocator-block-size=4194304"
    "memorysetup-typetree-allocator-block-size=2097152"
    "memorysetup-profiler-bucket-allocator-granularity=16"
    "memorysetup-profiler-bucket-allocator-bucket-count=8"
    "memorysetup-profiler-bucket-allocator-block-size=33554432"
    "memorysetup-profiler-bucket-allocator-block-count=8"
    "memorysetup-profiler-allocator-block-size=16777216"
    "memorysetup-profiler-editor-allocator-block-size=1048576"
    "memorysetup-temp-allocator-size-main=16777216"
    "memorysetup-job-temp-allocator-block-size=2097152"
    "memorysetup-job-temp-allocator-block-size-background=1048576"
    "memorysetup-job-temp-allocator-reduction-small-platforms=262144"
    "memorysetup-temp-allocator-size-background-worker=32768"
    "memorysetup-temp-allocator-size-job-worker=262144"
    "memorysetup-temp-allocator-size-preload-manager=33554432"
    "memorysetup-temp-allocator-size-nav-mesh-worker=65536"
    "memorysetup-temp-allocator-size-audio-worker=65536"
    "memorysetup-temp-allocator-size-cloud-worker=32768"
    "memorysetup-temp-allocator-size-gi-baking-worker=262144"
    "memorysetup-temp-allocator-size-gfx=262144"
Refreshing native plugins compatible for Editor in 127.33 ms, found 4 plugins.
Preloading 0 native plugins for Editor in 0.00 ms.
Initialize engine version: 2021.3.11f1 (0a5ca18544bf)
[Subsystems] Discovering subsystems at path C:/Program Files/Unity/Hub/Editor/2021.3.11f1/Editor/Data/Resources/UnitySubsystems
[Subsystems] Discovering subsystems at path C:/Users/Razam/Documents/GitHub/CadenceFiles/Cadence/Cadence/Assets
GfxDevice: creating device client; threaded=0; jobified=0
Direct3D:
    Version:  Direct3D 11.0 [level 11.1]
    Renderer: NVIDIA GeForce RTX 3060 Laptop GPU (ID=0x2520)
    Vendor:   NVIDIA
    VRAM:     6023 MB
    Driver:   31.0.15.1640
Initialize mono
Mono path[0] = 'C:/Program Files/Unity/Hub/Editor/2021.3.11f1/Editor/Data/Managed'
Mono path[1] = 'C:/Program Files/Unity/Hub/Editor/2021.3.11f1/Editor/Data/MonoBleedingEdge/lib/mono/unityjit-win32'
Mono config path = 'C:/Program Files/Unity/Hub/Editor/2021.3.11f1/Editor/Data/MonoBleedingEdge/etc'
Using monoOptions --debugger-agent=transport=dt_socket,embedding=1,server=y,suspend=n,address=127.0.0.1:56332
Begin MonoManager ReloadAssembly
Registering precompiled unity dll's ...
Register platform support module: C:/Program Files/Unity/Hub/Editor/2021.3.11f1/Editor/Data/PlaybackEngines/WindowsStandaloneSupport/UnityEditor.WindowsStandalone.Extensions.dll
Registered in 0.004690 seconds.
Native extension for WindowsStandalone target not found
Refreshing native plugins compatible for Editor in 82.81 ms, found 4 plugins.
Preloading 0 native plugins for Editor in 0.00 ms.
Mono: successfully reloaded assembly
- Completed reload, in  0.602 seconds
Domain Reload Profiling:
	ReloadAssembly (603ms)
		BeginReloadAssembly (62ms)
			ExecutionOrderSort (0ms)
			DisableScriptedObjects (0ms)
			BackupInstance (0ms)
			ReleaseScriptingObjects (0ms)
			CreateAndSetChildDomain (1ms)
		EndReloadAssembly (439ms)
			LoadAssemblies (60ms)
			RebuildTransferFunctionScriptingTraits (0ms)
			SetupTypeCache (105ms)
			ReleaseScriptCaches (0ms)
			RebuildScriptCaches (26ms)
			SetupLoadedEditorAssemblies (260ms)
				LogAssemblyErrors (0ms)
				InitializePlatformSupportModulesInManaged (7ms)
				SetLoadedEditorAssemblies (0ms)
				RefreshPlugins (83ms)
				BeforeProcessingInitializeOnLoad (1ms)
				ProcessInitializeOnLoadAttributes (131ms)
				ProcessInitializeOnLoadMethodAttributes (37ms)
				AfterProcessingInitializeOnLoad (0ms)
				EditorAssembliesLoaded (0ms)
			ExecutionOrderSort2 (0ms)
			AwakeInstancesAfterBackupRestoration (0ms)
Platform modules already initialized, skipping
Registering precompiled user dll's ...
Registered in 0.006199 seconds.
Begin MonoManager ReloadAssembly
Symbol file LoadedFromMemory doesn't match image C:\Users\Razam\Documents\GitHub\CadenceFiles\Cadence\Cadence\Library\PackageCache\com.unity.visualscripting@1.7.8\Editor\VisualScripting.Core\Dependencies\YamlDotNet\Unity.VisualScripting.YamlDotNet.dll
Symbol file LoadedFromMemory doesn't match image C:\Users\Razam\Documents\GitHub\CadenceFiles\Cadence\Cadence\Library\PackageCache\com.unity.visualscripting@1.7.8\Editor\VisualScripting.Core\Dependencies\DotNetZip\Unity.VisualScripting.IonicZip.dll
Native extension for WindowsStandalone target not found
Refreshing native plugins compatible for Editor in 70.95 ms, found 4 plugins.
Preloading 0 native plugins for Editor in 0.00 ms.
Mono: successfully reloaded assembly
- Completed reload, in  1.056 seconds
Domain Reload Profiling:
	ReloadAssembly (1056ms)
		BeginReloadAssembly (85ms)
			ExecutionOrderSort (0ms)
			DisableScriptedObjects (4ms)
			BackupInstance (0ms)
			ReleaseScriptingObjects (0ms)
			CreateAndSetChildDomain (18ms)
		EndReloadAssembly (881ms)
			LoadAssemblies (223ms)
			RebuildTransferFunctionScriptingTraits (0ms)
			SetupTypeCache (178ms)
			ReleaseScriptCaches (1ms)
			RebuildScriptCaches (42ms)
			SetupLoadedEditorAssemblies (393ms)
				LogAssemblyErrors (0ms)
				InitializePlatformSupportModulesInManaged (3ms)
				SetLoadedEditorAssemblies (0ms)
				RefreshPlugins (71ms)
				BeforeProcessingInitializeOnLoad (80ms)
				ProcessInitializeOnLoadAttributes (193ms)
				ProcessInitializeOnLoadMethodAttributes (40ms)
				AfterProcessingInitializeOnLoad (6ms)
				EditorAssembliesLoaded (0ms)
			ExecutionOrderSort2 (0ms)
			AwakeInstancesAfterBackupRestoration (6ms)
Platform modules already initialized, skipping
========================================================================
Worker process is ready to serve import requests
Launched and connected shader compiler UnityShaderCompiler.exe after 0.06 seconds
Refreshing native plugins compatible for Editor in 0.73 ms, found 4 plugins.
Preloading 0 native plugins for Editor in 0.00 ms.
Unloading 4068 Unused Serialized files (Serialized files now loaded: 0)
Unloading 44 unused Assets / (229.5 KB). Loaded Objects now: 4518.
Memory consumption went from 151.3 MB to 151.1 MB.
Total: 3.919300 ms (FindLiveObjects: 0.308400 ms CreateObjectMapping: 0.140800 ms MarkObjects: 3.317300 ms  DeleteObjects: 0.151900 ms)

AssetImportParameters requested are different than current active one (requested -> active):
  custom:video-decoder-ogg-theora: a1e56fd34408186e4bbccfd4996cb3dc -> 
  custom:container-muxer-webm: aa71ff27fc2769a1b78a27578f13a17b -> 
  custom:container-demuxer-webm: 4f35f7cbe854078d1ac9338744f61a02 -> 
  custom:video-encoder-webm-vp8: eb34c28f22e8b96e1ab97ce403110664 -> 
  custom:video-codec-MediaFoundation-h265: 746d11721c4dcdbdad8f713fa42b33f4 -> 
  custom:audio-encoder-webm-vorbis: bf7c407c2cedff20999df2af8eb42d56 -> 
  custom:framework-win-MediaFoundation: 216162199b28c13a410421893ffa2e32 -> 
  custom:container-demuxer-ogg: 62fdf1f143b41e24485cea50d1cbac27 -> 
  custom:video-decoder-webm-vp8: 9c59270c3fd7afecdb556c50c9e8de78 -> 
  custom:audio-decoder-ogg-vorbis: bf7c407c2cedff20999df2af8eb42d56 -> 
========================================================================
Received Import Request.
  Time since last request: 337367.440009 seconds.
  path: Assets/Art/Player/HHidle.png
  artifactKey: Guid(e0685609260a8c54abdbf138cb5b84a6) Importer(815301076,1909f56bfc062723c751e8b465ee728b)
Start importing Assets/Art/Player/HHidle.png using Guid(e0685609260a8c54abdbf138cb5b84a6) Importer(815301076,1909f56bfc062723c751e8b465ee728b)  -> (artifact id: '28e13ee0bc02756c9e5cf9dd5b7bfdae') in 0.342652 seconds 
========================================================================
Received Import Request.
  Time since last request: 32.976235 seconds.
  path: Assets/Art/Player/HHidle.png
  artifactKey: Guid(e0685609260a8c54abdbf138cb5b84a6) Importer(815301076,1909f56bfc062723c751e8b465ee728b)
Start importing Assets/Art/Player/HHidle.png using Guid(e0685609260a8c54abdbf138cb5b84a6) Importer(815301076,1909f56bfc062723c751e8b465ee728b)  -> (artifact id: 'a170c072e31f62d6d0afe38e50347c89') in 0.131223 seconds 
========================================================================
Received Import Request.
  Time since last request: 0.000056 seconds.
  path: Assets/Art/Player/MHidle.png
  artifactKey: Guid(ff66e3965a3edab42b8ede5c171a6a14) Importer(815301076,1909f56bfc062723c751e8b465ee728b)
Start importing Assets/Art/Player/MHidle.png using Guid(ff66e3965a3edab42b8ede5c171a6a14) Importer(815301076,1909f56bfc062723c751e8b465ee728b)  -> (artifact id: '9dff4e5475ca7e63f4207fc120186dbe') in 0.062779 seconds 
========================================================================
Received Import Request.
  Time since last request: 0.000057 seconds.
  path: Assets/Art/Player/mhrun.png
  artifactKey: Guid(5e1df7e21118a2d41b8a74d7b4cb8d4d) Importer(815301076,1909f56bfc062723c751e8b465ee728b)
Start importing Assets/Art/Player/mhrun.png using Guid(5e1df7e21118a2d41b8a74d7b4cb8d4d) Importer(815301076,1909f56bfc062723c751e8b465ee728b)  -> (artifact id: '111748ef569b4ad9f9139a39d9fecc07') in 0.051781 seconds 
========================================================================
Received Import Request.
  Time since last request: 0.000033 seconds.
  path: Assets/Art/Player/Lwalk.png
  artifactKey: Guid(269ce84003ce49243ac8b20522f5f402) Importer(815301076,1909f56bfc062723c751e8b465ee728b)
Start importing Assets/Art/Player/Lwalk.png using Guid(269ce84003ce49243ac8b20522f5f402) Importer(815301076,1909f56bfc062723c751e8b465ee728b)  -> (artifact id: '95b1a4d505b3b14880c271b0c72b82fd') in 0.057555 seconds 
========================================================================
Received Import Request.
  Time since last request: 0.000047 seconds.
  path: Assets/Art/Player/LHidle.png
  artifactKey: Guid(78efb8b5e5e3ce54ba85a0ea7b526be4) Importer(815301076,1909f56bfc062723c751e8b465ee728b)
Start importing Assets/Art/Player/LHidle.png using Guid(78efb8b5e5e3ce54ba85a0ea7b526be4) Importer(815301076,1909f56bfc062723c751e8b465ee728b)  -> (artifact id: '9151f513f9703d00eea3b0f7c4f77bbc') in 0.108549 seconds 
========================================================================
Received Import Request.
  Time since last request: 0.000057 seconds.
  path: Assets/Art/Player/mhfloat.png
  artifactKey: Guid(9d6eff2fc743253498ec30216830ff19) Importer(815301076,1909f56bfc062723c751e8b465ee728b)
Start importing Assets/Art/Player/mhfloat.png using Guid(9d6eff2fc743253498ec30216830ff19) Importer(815301076,1909f56bfc062723c751e8b465ee728b)  -> (artifact id: '3c1d4b6629065a73ae21d2b0025145d6') in 0.066516 seconds 
========================================================================
Received Import Request.
  Time since last request: 32.856686 seconds.
  path: Assets/Art/Player/HHidle.png
  artifactKey: Guid(e0685609260a8c54abdbf138cb5b84a6) Importer(815301076,1909f56bfc062723c751e8b465ee728b)
Start importing Assets/Art/Player/HHidle.png using Guid(e0685609260a8c54abdbf138cb5b84a6) Importer(815301076,1909f56bfc062723c751e8b465ee728b)  -> (artifact id: 'f5d5d81b0ddcf0fc93a1041cb7b5a7c7') in 0.081964 seconds 
========================================================================
Received Import Request.
  Time since last request: 0.000060 seconds.
  path: Assets/Art/Player/lhfloat.png
  artifactKey: Guid(a9c18d89950282e4b83b5e5e6a2c27f3) Importer(815301076,1909f56bfc062723c751e8b465ee728b)
Start importing Assets/Art/Player/lhfloat.png using Guid(a9c18d89950282e4b83b5e5e6a2c27f3) Importer(815301076,1909f56bfc062723c751e8b465ee728b)  -> (artifact id: '2d20594eb0e4b5c8c784fbf1a196fcc5') in 0.063059 seconds 
========================================================================
Received Import Request.
  Time since last request: 0.000071 seconds.
  path: Assets/Art/Player/hhliftoff.png
  artifactKey: Guid(867ca781120c21d4ebd2920ea070b885) Importer(815301076,1909f56bfc062723c751e8b465ee728b)
Start importing Assets/Art/Player/hhliftoff.png using Guid(867ca781120c21d4ebd2920ea070b885) Importer(815301076,1909f56bfc062723c751e8b465ee728b)  -> (artifact id: 'c01d31751ef5563e669a8f37337c7508') in 0.103691 seconds 
========================================================================
Received Import Request.
  Time since last request: 0.000046 seconds.
  path: Assets/Art/Player/Hwalk.png
  artifactKey: Guid(25f3e7bf55a23f84e9d12e16b4e39535) Importer(815301076,1909f56bfc062723c751e8b465ee728b)
Start importing Assets/Art/Player/Hwalk.png using Guid(25f3e7bf55a23f84e9d12e16b4e39535) Importer(815301076,1909f56bfc062723c751e8b465ee728b)  -> (artifact id: '61fd38d4a6f9e21f733d96e37d2e8c94') in 0.097630 seconds 
========================================================================
Received Import Request.
  Time since last request: 0.000041 seconds.
  path: Assets/Art/Player/mhliftoff.png
  artifactKey: Guid(eaef0786f4e0a5b49939dd54d2ec82ee) Importer(815301076,1909f56bfc062723c751e8b465ee728b)
Start importing Assets/Art/Player/mhliftoff.png using Guid(eaef0786f4e0a5b49939dd54d2ec82ee) Importer(815301076,1909f56bfc062723c751e8b465ee728b)  -> (artifact id: '00a0e413d067726d82567abec3f74984') in 0.083502 seconds 
========================================================================
Received Import Request.
  Time since last request: 0.000051 seconds.
  path: Assets/Art/Player/mhfloat.png
  artifactKey: Guid(9d6eff2fc743253498ec30216830ff19) Importer(815301076,1909f56bfc062723c751e8b465ee728b)
Start importing Assets/Art/Player/mhfloat.png using Guid(9d6eff2fc743253498ec30216830ff19) Importer(815301076,1909f56bfc062723c751e8b465ee728b)  -> (artifact id: '56a29c7a325ed934b9d55d660df5e414') in 0.060693 seconds 
========================================================================
Received Import Request.
  Time since last request: 19.199280 seconds.
  path: Assets/Art/Player/HHidle.png
  artifactKey: Guid(e0685609260a8c54abdbf138cb5b84a6) Importer(815301076,1909f56bfc062723c751e8b465ee728b)
Start importing Assets/Art/Player/HHidle.png using Guid(e0685609260a8c54abdbf138cb5b84a6) Importer(815301076,1909f56bfc062723c751e8b465ee728b)  -> (artifact id: 'bfb2299bb903d2eec43205f4765fb35d') in 0.166407 seconds 
========================================================================
Received Import Request.
  Time since last request: 0.000032 seconds.
  path: Assets/Art/Player/hhliftoff.png
  artifactKey: Guid(867ca781120c21d4ebd2920ea070b885) Importer(815301076,1909f56bfc062723c751e8b465ee728b)
Start importing Assets/Art/Player/hhliftoff.png using Guid(867ca781120c21d4ebd2920ea070b885) Importer(815301076,1909f56bfc062723c751e8b465ee728b)  -> (artifact id: 'f29e27d9ef7a71687e88c0bd710bd49e') in 0.105257 seconds 
========================================================================
Received Import Request.
  Time since last request: 0.000045 seconds.
  path: Assets/Art/Player/lhliftoff.png
  artifactKey: Guid(ef630f1ad7a87c74aa97729d4193dc6e) Importer(815301076,1909f56bfc062723c751e8b465ee728b)
Start importing Assets/Art/Player/lhliftoff.png using Guid(ef630f1ad7a87c74aa97729d4193dc6e) Importer(815301076,1909f56bfc062723c751e8b465ee728b)  -> (artifact id: '0b8c0c8ccb9eb6ea49b5b3ff1dd34a22') in 0.071821 seconds 
========================================================================
Received Import Request.
  Time since last request: 0.000030 seconds.
  path: Assets/Art/Player/Mwalk.png
  artifactKey: Guid(9ad3daa1e58afe04d9c11bea4ca7a400) Importer(815301076,1909f56bfc062723c751e8b465ee728b)
Start importing Assets/Art/Player/Mwalk.png using Guid(9ad3daa1e58afe04d9c11bea4ca7a400) Importer(815301076,1909f56bfc062723c751e8b465ee728b)  -> (artifact id: 'c93ae21d92b38952ba22a598c6ba203f') in 0.061555 seconds 
========================================================================
Received Import Request.
  Time since last request: 0.000029 seconds.
  path: Assets/Art/Player/lhlanding.png
  artifactKey: Guid(060965d22f91b8c41a031f2e480ca741) Importer(815301076,1909f56bfc062723c751e8b465ee728b)
Start importing Assets/Art/Player/lhlanding.png using Guid(060965d22f91b8c41a031f2e480ca741) Importer(815301076,1909f56bfc062723c751e8b465ee728b)  -> (artifact id: 'ed317a91e8a21c6a3a6791a5f38157b2') in 0.077536 seconds 
========================================================================
Received Import Request.
  Time since last request: 0.000038 seconds.
  path: Assets/Art/Player/mhfloat.png
  artifactKey: Guid(9d6eff2fc743253498ec30216830ff19) Importer(815301076,1909f56bfc062723c751e8b465ee728b)
Start importing Assets/Art/Player/mhfloat.png using Guid(9d6eff2fc743253498ec30216830ff19) Importer(815301076,1909f56bfc062723c751e8b465ee728b)  -> (artifact id: '5da8f1fedd0ffc6bf569c29b6a66eda4') in 0.052868 seconds 
========================================================================
Received Prepare
Registering precompiled user dll's ...
Registered in 0.007888 seconds.
Begin MonoManager ReloadAssembly
Symbol file LoadedFromMemory doesn't match image C:\Users\Razam\Documents\GitHub\CadenceFiles\Cadence\Cadence\Library\PackageCache\com.unity.visualscripting@1.7.8\Editor\VisualScripting.Core\Dependencies\YamlDotNet\Unity.VisualScripting.YamlDotNet.dll
Symbol file LoadedFromMemory doesn't match image C:\Users\Razam\Documents\GitHub\CadenceFiles\Cadence\Cadence\Library\PackageCache\com.unity.visualscripting@1.7.8\Editor\VisualScripting.Core\Dependencies\DotNetZip\Unity.VisualScripting.IonicZip.dll
Native extension for WindowsStandalone target not found
Refreshing native plugins compatible for Editor in 1.00 ms, found 4 plugins.
Preloading 0 native plugins for Editor in 0.00 ms.
Mono: successfully reloaded assembly
- Completed reload, in  0.936 seconds
Domain Reload Profiling:
	ReloadAssembly (937ms)
		BeginReloadAssembly (133ms)
			ExecutionOrderSort (0ms)
			DisableScriptedObjects (6ms)
			BackupInstance (0ms)
			ReleaseScriptingObjects (0ms)
			CreateAndSetChildDomain (42ms)
		EndReloadAssembly (717ms)
			LoadAssemblies (86ms)
			RebuildTransferFunctionScriptingTraits (1ms)
			SetupTypeCache (215ms)
			ReleaseScriptCaches (2ms)
			RebuildScriptCaches (46ms)
			SetupLoadedEditorAssemblies (320ms)
				LogAssemblyErrors (0ms)
				InitializePlatformSupportModulesInManaged (11ms)
				SetLoadedEditorAssemblies (0ms)
				RefreshPlugins (1ms)
				BeforeProcessingInitializeOnLoad (69ms)
				ProcessInitializeOnLoadAttributes (196ms)
				ProcessInitializeOnLoadMethodAttributes (37ms)
				AfterProcessingInitializeOnLoad (6ms)
				EditorAssembliesLoaded (0ms)
			ExecutionOrderSort2 (0ms)
			AwakeInstancesAfterBackupRestoration (9ms)
Platform modules already initialized, skipping
Refreshing native plugins compatible for Editor in 4.40 ms, found 4 plugins.
Preloading 0 native plugins for Editor in 0.00 ms.
Unloading 4063 Unused Serialized files (Serialized files now loaded: 0)
Unloading 31 unused Assets / (195.9 KB). Loaded Objects now: 4528.
Memory consumption went from 151.4 MB to 151.2 MB.
Total: 4.458800 ms (FindLiveObjects: 0.330100 ms CreateObjectMapping: 0.298400 ms MarkObjects: 3.619400 ms  DeleteObjects: 0.209900 ms)

AssetImportParameters requested are different than current active one (requested -> active):
  custom:video-decoder-ogg-theora: a1e56fd34408186e4bbccfd4996cb3dc -> 
  custom:container-muxer-webm: aa71ff27fc2769a1b78a27578f13a17b -> 
  custom:container-demuxer-webm: 4f35f7cbe854078d1ac9338744f61a02 -> 
  custom:video-encoder-webm-vp8: eb34c28f22e8b96e1ab97ce403110664 -> 
  custom:video-codec-MediaFoundation-h265: 746d11721c4dcdbdad8f713fa42b33f4 -> 
  custom:audio-encoder-webm-vorbis: bf7c407c2cedff20999df2af8eb42d56 -> 
  custom:framework-win-MediaFoundation: 216162199b28c13a410421893ffa2e32 -> 
  custom:container-demuxer-ogg: 62fdf1f143b41e24485cea50d1cbac27 -> 
  custom:video-decoder-webm-vp8: 9c59270c3fd7afecdb556c50c9e8de78 -> 
  custom:audio-decoder-ogg-vorbis: bf7c407c2cedff20999df2af8eb42d56 -> 
========================================================================
Received Prepare
Registering precompiled user dll's ...
Registered in 0.006471 seconds.
Begin MonoManager ReloadAssembly
Symbol file LoadedFromMemory doesn't match image C:\Users\Razam\Documents\GitHub\CadenceFiles\Cadence\Cadence\Library\PackageCache\com.unity.visualscripting@1.7.8\Editor\VisualScripting.Core\Dependencies\YamlDotNet\Unity.VisualScripting.YamlDotNet.dll
Symbol file LoadedFromMemory doesn't match image C:\Users\Razam\Documents\GitHub\CadenceFiles\Cadence\Cadence\Library\PackageCache\com.unity.visualscripting@1.7.8\Editor\VisualScripting.Core\Dependencies\DotNetZip\Unity.VisualScripting.IonicZip.dll
Native extension for WindowsStandalone target not found
Refreshing native plugins compatible for Editor in 1.02 ms, found 4 plugins.
Preloading 0 native plugins for Editor in 0.00 ms.
Mono: successfully reloaded assembly
- Completed reload, in  0.938 seconds
Domain Reload Profiling:
	ReloadAssembly (939ms)
		BeginReloadAssembly (116ms)
			ExecutionOrderSort (0ms)
			DisableScriptedObjects (6ms)
			BackupInstance (0ms)
			ReleaseScriptingObjects (0ms)
			CreateAndSetChildDomain (38ms)
		EndReloadAssembly (736ms)
			LoadAssemblies (78ms)
			RebuildTransferFunctionScriptingTraits (0ms)
			SetupTypeCache (217ms)
			ReleaseScriptCaches (2ms)
			RebuildScriptCaches (49ms)
			SetupLoadedEditorAssemblies (339ms)
				LogAssemblyErrors (0ms)
				InitializePlatformSupportModulesInManaged (12ms)
				SetLoadedEditorAssemblies (0ms)
				RefreshPlugins (1ms)
				BeforeProcessingInitializeOnLoad (74ms)
				ProcessInitializeOnLoadAttributes (203ms)
				ProcessInitializeOnLoadMethodAttributes (41ms)
				AfterProcessingInitializeOnLoad (6ms)
				EditorAssembliesLoaded (0ms)
			ExecutionOrderSort2 (0ms)
			AwakeInstancesAfterBackupRestoration (10ms)
Platform modules already initialized, skipping
Refreshing native plugins compatible for Editor in 2.66 ms, found 4 plugins.
Preloading 0 native plugins for Editor in 0.00 ms.
Unloading 4063 Unused Serialized files (Serialized files now loaded: 0)
Unloading 31 unused Assets / (195.9 KB). Loaded Objects now: 4531.
Memory consumption went from 151.4 MB to 151.2 MB.
Total: 4.468500 ms (FindLiveObjects: 0.300500 ms CreateObjectMapping: 0.415300 ms MarkObjects: 3.506700 ms  DeleteObjects: 0.244400 ms)

AssetImportParameters requested are different than current active one (requested -> active):
  custom:video-decoder-ogg-theora: a1e56fd34408186e4bbccfd4996cb3dc -> 
  custom:container-muxer-webm: aa71ff27fc2769a1b78a27578f13a17b -> 
  custom:container-demuxer-webm: 4f35f7cbe854078d1ac9338744f61a02 -> 
  custom:video-encoder-webm-vp8: eb34c28f22e8b96e1ab97ce403110664 -> 
  custom:video-codec-MediaFoundation-h265: 746d11721c4dcdbdad8f713fa42b33f4 -> 
  custom:audio-encoder-webm-vorbis: bf7c407c2cedff20999df2af8eb42d56 -> 
  custom:framework-win-MediaFoundation: 216162199b28c13a410421893ffa2e32 -> 
  custom:container-demuxer-ogg: 62fdf1f143b41e24485cea50d1cbac27 -> 
  custom:video-decoder-webm-vp8: 9c59270c3fd7afecdb556c50c9e8de78 -> 
  custom:audio-decoder-ogg-vorbis: bf7c407c2cedff20999df2af8eb42d56 -> 
