Using pre-set license
Built from '2021.3/staging' branch; Version is '2021.3.11f1 (0a5ca18544bf) revision 679073'; Using compiler version '192829333'; Build Type 'Release'
OS: 'Windows 11  (10.0.22621) 64bit CoreSingleLanguage' Language: 'en' Physical Memory: 15628 MB
BatchMode: 1, IsHumanControllingUs: 0, StartBugReporterOnCrash: 0, Is64bit: 1, IsPro: 1

COMMAND LINE ARGUMENTS:
C:\Program Files\Unity\Hub\Editor\2021.3.11f1\Editor\Unity.exe
-adb2
-batchMode
-noUpm
-name
AssetImportWorker8
-projectPath
C:/Users/Razam/Documents/GitHub/CadenceFiles/Cadence/Cadence
-logFile
Logs/AssetImportWorker8.log
-srvPort
64886
Successfully changed project path to: C:/Users/Razam/Documents/GitHub/CadenceFiles/Cadence/Cadence
C:/Users/Razam/Documents/GitHub/CadenceFiles/Cadence/Cadence
[UnityMemory] Configuration Parameters - Can be set up in boot.config
    "memorysetup-bucket-allocator-granularity=16"
    "memorysetup-bucket-allocator-bucket-count=8"
    "memorysetup-bucket-allocator-block-size=33554432"
    "memorysetup-bucket-allocator-block-count=8"
    "memorysetup-main-allocator-block-size=16777216"
    "memorysetup-thread-allocator-block-size=16777216"
    "memorysetup-gfx-main-allocator-block-size=16777216"
    "memorysetup-gfx-thread-allocator-block-size=16777216"
    "memorysetup-cache-allocator-block-size=4194304"
    "memorysetup-typetree-allocator-block-size=2097152"
    "memorysetup-profiler-bucket-allocator-granularity=16"
    "memorysetup-profiler-bucket-allocator-bucket-count=8"
    "memorysetup-profiler-bucket-allocator-block-size=33554432"
    "memorysetup-profiler-bucket-allocator-block-count=8"
    "memorysetup-profiler-allocator-block-size=16777216"
    "memorysetup-profiler-editor-allocator-block-size=1048576"
    "memorysetup-temp-allocator-size-main=16777216"
    "memorysetup-job-temp-allocator-block-size=2097152"
    "memorysetup-job-temp-allocator-block-size-background=1048576"
    "memorysetup-job-temp-allocator-reduction-small-platforms=262144"
    "memorysetup-temp-allocator-size-background-worker=32768"
    "memorysetup-temp-allocator-size-job-worker=262144"
    "memorysetup-temp-allocator-size-preload-manager=33554432"
    "memorysetup-temp-allocator-size-nav-mesh-worker=65536"
    "memorysetup-temp-allocator-size-audio-worker=65536"
    "memorysetup-temp-allocator-size-cloud-worker=32768"
    "memorysetup-temp-allocator-size-gi-baking-worker=262144"
    "memorysetup-temp-allocator-size-gfx=262144"
Refreshing native plugins compatible for Editor in 100.66 ms, found 4 plugins.
Preloading 0 native plugins for Editor in 0.00 ms.
Initialize engine version: 2021.3.11f1 (0a5ca18544bf)
[Subsystems] Discovering subsystems at path C:/Program Files/Unity/Hub/Editor/2021.3.11f1/Editor/Data/Resources/UnitySubsystems
[Subsystems] Discovering subsystems at path C:/Users/Razam/Documents/GitHub/CadenceFiles/Cadence/Cadence/Assets
GfxDevice: creating device client; threaded=0; jobified=0
Direct3D:
    Version:  Direct3D 11.0 [level 11.1]
    Renderer: NVIDIA GeForce RTX 3060 Laptop GPU (ID=0x2520)
    Vendor:   NVIDIA
    VRAM:     6023 MB
    Driver:   31.0.15.1640
Initialize mono
Mono path[0] = 'C:/Program Files/Unity/Hub/Editor/2021.3.11f1/Editor/Data/Managed'
Mono path[1] = 'C:/Program Files/Unity/Hub/Editor/2021.3.11f1/Editor/Data/MonoBleedingEdge/lib/mono/unityjit-win32'
Mono config path = 'C:/Program Files/Unity/Hub/Editor/2021.3.11f1/Editor/Data/MonoBleedingEdge/etc'
Using monoOptions --debugger-agent=transport=dt_socket,embedding=1,server=y,suspend=n,address=127.0.0.1:56200
Begin MonoManager ReloadAssembly
Registering precompiled unity dll's ...
Register platform support module: C:/Program Files/Unity/Hub/Editor/2021.3.11f1/Editor/Data/PlaybackEngines/WindowsStandaloneSupport/UnityEditor.WindowsStandalone.Extensions.dll
Registered in 0.008237 seconds.
Native extension for WindowsStandalone target not found
Refreshing native plugins compatible for Editor in 115.12 ms, found 4 plugins.
Preloading 0 native plugins for Editor in 0.00 ms.
Mono: successfully reloaded assembly
- Completed reload, in  0.899 seconds
Domain Reload Profiling:
	ReloadAssembly (900ms)
		BeginReloadAssembly (137ms)
			ExecutionOrderSort (0ms)
			DisableScriptedObjects (0ms)
			BackupInstance (0ms)
			ReleaseScriptingObjects (0ms)
			CreateAndSetChildDomain (1ms)
		EndReloadAssembly (641ms)
			LoadAssemblies (132ms)
			RebuildTransferFunctionScriptingTraits (0ms)
			SetupTypeCache (139ms)
			ReleaseScriptCaches (0ms)
			RebuildScriptCaches (32ms)
			SetupLoadedEditorAssemblies (402ms)
				LogAssemblyErrors (0ms)
				InitializePlatformSupportModulesInManaged (9ms)
				SetLoadedEditorAssemblies (0ms)
				RefreshPlugins (115ms)
				BeforeProcessingInitializeOnLoad (2ms)
				ProcessInitializeOnLoadAttributes (204ms)
				ProcessInitializeOnLoadMethodAttributes (71ms)
				AfterProcessingInitializeOnLoad (0ms)
				EditorAssembliesLoaded (0ms)
			ExecutionOrderSort2 (0ms)
			AwakeInstancesAfterBackupRestoration (0ms)
Platform modules already initialized, skipping
Registering precompiled user dll's ...
Registered in 0.011557 seconds.
Begin MonoManager ReloadAssembly
Symbol file LoadedFromMemory doesn't match image C:\Users\Razam\Documents\GitHub\CadenceFiles\Cadence\Cadence\Library\PackageCache\com.unity.visualscripting@1.7.8\Editor\VisualScripting.Core\Dependencies\YamlDotNet\Unity.VisualScripting.YamlDotNet.dll
Symbol file LoadedFromMemory doesn't match image C:\Users\Razam\Documents\GitHub\CadenceFiles\Cadence\Cadence\Library\PackageCache\com.unity.visualscripting@1.7.8\Editor\VisualScripting.Core\Dependencies\DotNetZip\Unity.VisualScripting.IonicZip.dll
Native extension for WindowsStandalone target not found
Refreshing native plugins compatible for Editor in 71.49 ms, found 4 plugins.
Preloading 0 native plugins for Editor in 0.00 ms.
Mono: successfully reloaded assembly
- Completed reload, in  0.922 seconds
Domain Reload Profiling:
	ReloadAssembly (923ms)
		BeginReloadAssembly (86ms)
			ExecutionOrderSort (0ms)
			DisableScriptedObjects (5ms)
			BackupInstance (0ms)
			ReleaseScriptingObjects (0ms)
			CreateAndSetChildDomain (17ms)
		EndReloadAssembly (746ms)
			LoadAssemblies (68ms)
			RebuildTransferFunctionScriptingTraits (0ms)
			SetupTypeCache (172ms)
			ReleaseScriptCaches (1ms)
			RebuildScriptCaches (42ms)
			SetupLoadedEditorAssemblies (425ms)
				LogAssemblyErrors (0ms)
				InitializePlatformSupportModulesInManaged (4ms)
				SetLoadedEditorAssemblies (0ms)
				RefreshPlugins (72ms)
				BeforeProcessingInitializeOnLoad (80ms)
				ProcessInitializeOnLoadAttributes (227ms)
				ProcessInitializeOnLoadMethodAttributes (37ms)
				AfterProcessingInitializeOnLoad (6ms)
				EditorAssembliesLoaded (0ms)
			ExecutionOrderSort2 (0ms)
			AwakeInstancesAfterBackupRestoration (6ms)
Platform modules already initialized, skipping
========================================================================
Worker process is ready to serve import requests
Launched and connected shader compiler UnityShaderCompiler.exe after 0.06 seconds
Refreshing native plugins compatible for Editor in 0.89 ms, found 4 plugins.
Preloading 0 native plugins for Editor in 0.00 ms.
Unloading 4068 Unused Serialized files (Serialized files now loaded: 0)
Unloading 44 unused Assets / (229.5 KB). Loaded Objects now: 4518.
Memory consumption went from 151.3 MB to 151.1 MB.
Total: 4.207400 ms (FindLiveObjects: 0.529100 ms CreateObjectMapping: 0.265300 ms MarkObjects: 3.255000 ms  DeleteObjects: 0.156200 ms)

AssetImportParameters requested are different than current active one (requested -> active):
  custom:video-decoder-ogg-theora: a1e56fd34408186e4bbccfd4996cb3dc -> 
  custom:container-muxer-webm: aa71ff27fc2769a1b78a27578f13a17b -> 
  custom:container-demuxer-webm: 4f35f7cbe854078d1ac9338744f61a02 -> 
  custom:video-encoder-webm-vp8: eb34c28f22e8b96e1ab97ce403110664 -> 
  custom:video-codec-MediaFoundation-h265: 746d11721c4dcdbdad8f713fa42b33f4 -> 
  custom:audio-encoder-webm-vorbis: bf7c407c2cedff20999df2af8eb42d56 -> 
  custom:framework-win-MediaFoundation: 216162199b28c13a410421893ffa2e32 -> 
  custom:container-demuxer-ogg: 62fdf1f143b41e24485cea50d1cbac27 -> 
  custom:video-decoder-webm-vp8: 9c59270c3fd7afecdb556c50c9e8de78 -> 
  custom:audio-decoder-ogg-vorbis: bf7c407c2cedff20999df2af8eb42d56 -> 
========================================================================
Received Import Request.
  Time since last request: 337322.826872 seconds.
  path: Assets/Art/Player/hhfloat.png
  artifactKey: Guid(b56e3bf7388fed442a92a5566bc4f25f) Importer(815301076,1909f56bfc062723c751e8b465ee728b)
Start importing Assets/Art/Player/hhfloat.png using Guid(b56e3bf7388fed442a92a5566bc4f25f) Importer(815301076,1909f56bfc062723c751e8b465ee728b)  -> (artifact id: '4d53b37ad2d2f19875bf98c998498183') in 0.755826 seconds 
========================================================================
Received Import Request.
  Time since last request: 37.040556 seconds.
  path: Assets/Art/Player/lhfloat.png
  artifactKey: Guid(a9c18d89950282e4b83b5e5e6a2c27f3) Importer(815301076,1909f56bfc062723c751e8b465ee728b)
Start importing Assets/Art/Player/lhfloat.png using Guid(a9c18d89950282e4b83b5e5e6a2c27f3) Importer(815301076,1909f56bfc062723c751e8b465ee728b)  -> (artifact id: 'b2414ce10191c7623ad63daaa6c21c48') in 0.062065 seconds 
========================================================================
Received Import Request.
  Time since last request: 0.000041 seconds.
  path: Assets/Art/Player/MHhurt.png
  artifactKey: Guid(8d77df107aef46a4db0e9308e7151665) Importer(815301076,1909f56bfc062723c751e8b465ee728b)
Start importing Assets/Art/Player/MHhurt.png using Guid(8d77df107aef46a4db0e9308e7151665) Importer(815301076,1909f56bfc062723c751e8b465ee728b)  -> (artifact id: 'ceecf08e4a184418cd1e73f0e48661f1') in 0.036873 seconds 
========================================================================
Received Import Request.
  Time since last request: 0.000041 seconds.
  path: Assets/Art/Player/MHidle.png
  artifactKey: Guid(ff66e3965a3edab42b8ede5c171a6a14) Importer(815301076,1909f56bfc062723c751e8b465ee728b)
Start importing Assets/Art/Player/MHidle.png using Guid(ff66e3965a3edab42b8ede5c171a6a14) Importer(815301076,1909f56bfc062723c751e8b465ee728b)  -> (artifact id: '3f48c64f9ed1271b55aec830272a213f') in 0.063353 seconds 
========================================================================
Received Import Request.
  Time since last request: 0.000043 seconds.
  path: Assets/Art/Player/mhrun.png
  artifactKey: Guid(5e1df7e21118a2d41b8a74d7b4cb8d4d) Importer(815301076,1909f56bfc062723c751e8b465ee728b)
Start importing Assets/Art/Player/mhrun.png using Guid(5e1df7e21118a2d41b8a74d7b4cb8d4d) Importer(815301076,1909f56bfc062723c751e8b465ee728b)  -> (artifact id: 'b86c410a8f7775cb07db898989addd5c') in 0.044871 seconds 
========================================================================
Received Import Request.
  Time since last request: 0.000045 seconds.
  path: Assets/Art/Player/Lwalk.png
  artifactKey: Guid(269ce84003ce49243ac8b20522f5f402) Importer(815301076,1909f56bfc062723c751e8b465ee728b)
Start importing Assets/Art/Player/Lwalk.png using Guid(269ce84003ce49243ac8b20522f5f402) Importer(815301076,1909f56bfc062723c751e8b465ee728b)  -> (artifact id: '9b53ab508025092383d3bfe22fb6e95c') in 0.072174 seconds 
========================================================================
Received Import Request.
  Time since last request: 0.000052 seconds.
  path: Assets/Art/Player/LHidle.png
  artifactKey: Guid(78efb8b5e5e3ce54ba85a0ea7b526be4) Importer(815301076,1909f56bfc062723c751e8b465ee728b)
Start importing Assets/Art/Player/LHidle.png using Guid(78efb8b5e5e3ce54ba85a0ea7b526be4) Importer(815301076,1909f56bfc062723c751e8b465ee728b)  -> (artifact id: '1424f0effb1b69342a4365315b5dd570') in 0.088203 seconds 
========================================================================
Received Import Request.
  Time since last request: 0.000043 seconds.
  path: Assets/Art/Player/lhlanding.png
  artifactKey: Guid(060965d22f91b8c41a031f2e480ca741) Importer(815301076,1909f56bfc062723c751e8b465ee728b)
Start importing Assets/Art/Player/lhlanding.png using Guid(060965d22f91b8c41a031f2e480ca741) Importer(815301076,1909f56bfc062723c751e8b465ee728b)  -> (artifact id: '811a56f1a163dd395f9b666d2763a26f') in 0.054858 seconds 
========================================================================
Received Import Request.
  Time since last request: 0.000045 seconds.
  path: Assets/Art/Player/mhfloat.png
  artifactKey: Guid(9d6eff2fc743253498ec30216830ff19) Importer(815301076,1909f56bfc062723c751e8b465ee728b)
Start importing Assets/Art/Player/mhfloat.png using Guid(9d6eff2fc743253498ec30216830ff19) Importer(815301076,1909f56bfc062723c751e8b465ee728b)  -> (artifact id: '709102b3fd4230e4164ab69c9b8b9ca3') in 0.068828 seconds 
========================================================================
Received Import Request.
  Time since last request: 6.227701 seconds.
  path: Assets/Art/Player/HHhurt.png
  artifactKey: Guid(9a73300b6c9b47d41823f4f677ce096a) Importer(815301076,1909f56bfc062723c751e8b465ee728b)
Start importing Assets/Art/Player/HHhurt.png using Guid(9a73300b6c9b47d41823f4f677ce096a) Importer(815301076,1909f56bfc062723c751e8b465ee728b)  -> (artifact id: '8a9273beaf4e4ba02443e96cf507e7b5') in 0.107100 seconds 
========================================================================
Received Import Request.
  Time since last request: 0.000041 seconds.
  path: Assets/Art/Player/hhrun.png
  artifactKey: Guid(37364b345ae77b64b97223d5457368b9) Importer(815301076,1909f56bfc062723c751e8b465ee728b)
Start importing Assets/Art/Player/hhrun.png using Guid(37364b345ae77b64b97223d5457368b9) Importer(815301076,1909f56bfc062723c751e8b465ee728b)  -> (artifact id: '52e5c53186b31ed74d264faa3dade8f1') in 0.093522 seconds 
========================================================================
Received Import Request.
  Time since last request: 0.000061 seconds.
  path: Assets/Art/Player/Hwalk.png
  artifactKey: Guid(25f3e7bf55a23f84e9d12e16b4e39535) Importer(815301076,1909f56bfc062723c751e8b465ee728b)
Start importing Assets/Art/Player/Hwalk.png using Guid(25f3e7bf55a23f84e9d12e16b4e39535) Importer(815301076,1909f56bfc062723c751e8b465ee728b)  -> (artifact id: '5323ac8d885b93789bf6dce94f51554c') in 0.111933 seconds 
========================================================================
Received Import Request.
  Time since last request: 32.981789 seconds.
  path: Assets/Art/Player/HHhurt.png
  artifactKey: Guid(9a73300b6c9b47d41823f4f677ce096a) Importer(815301076,1909f56bfc062723c751e8b465ee728b)
Start importing Assets/Art/Player/HHhurt.png using Guid(9a73300b6c9b47d41823f4f677ce096a) Importer(815301076,1909f56bfc062723c751e8b465ee728b)  -> (artifact id: '044cbabee5cd1043a2545e8f8ace8b42') in 0.042827 seconds 
========================================================================
Received Import Request.
  Time since last request: 0.000051 seconds.
  path: Assets/Art/Player/LHhurt.png
  artifactKey: Guid(6592207248f518645b8ecf72a3f5822c) Importer(815301076,1909f56bfc062723c751e8b465ee728b)
Start importing Assets/Art/Player/LHhurt.png using Guid(6592207248f518645b8ecf72a3f5822c) Importer(815301076,1909f56bfc062723c751e8b465ee728b)  -> (artifact id: '1685b13829239cf243802d1ed979826d') in 0.036941 seconds 
========================================================================
Received Import Request.
  Time since last request: 0.000067 seconds.
  path: Assets/Art/Player/lhfloat.png
  artifactKey: Guid(a9c18d89950282e4b83b5e5e6a2c27f3) Importer(815301076,1909f56bfc062723c751e8b465ee728b)
Start importing Assets/Art/Player/lhfloat.png using Guid(a9c18d89950282e4b83b5e5e6a2c27f3) Importer(815301076,1909f56bfc062723c751e8b465ee728b)  -> (artifact id: 'be84745f17434a7625a1bc73350423eb') in 0.062318 seconds 
========================================================================
Received Import Request.
  Time since last request: 0.000055 seconds.
  path: Assets/Art/Player/hhliftoff.png
  artifactKey: Guid(867ca781120c21d4ebd2920ea070b885) Importer(815301076,1909f56bfc062723c751e8b465ee728b)
Start importing Assets/Art/Player/hhliftoff.png using Guid(867ca781120c21d4ebd2920ea070b885) Importer(815301076,1909f56bfc062723c751e8b465ee728b)  -> (artifact id: 'c1443c2c28e7251662032a0d2c7bcd79') in 0.098339 seconds 
========================================================================
Received Import Request.
  Time since last request: 0.000041 seconds.
  path: Assets/Art/Player/Hwalk.png
  artifactKey: Guid(25f3e7bf55a23f84e9d12e16b4e39535) Importer(815301076,1909f56bfc062723c751e8b465ee728b)
Start importing Assets/Art/Player/Hwalk.png using Guid(25f3e7bf55a23f84e9d12e16b4e39535) Importer(815301076,1909f56bfc062723c751e8b465ee728b)  -> (artifact id: '639736a71da56be298d043c7601805b5') in 0.089372 seconds 
========================================================================
Received Import Request.
  Time since last request: 0.000044 seconds.
  path: Assets/Art/Player/mhliftoff.png
  artifactKey: Guid(eaef0786f4e0a5b49939dd54d2ec82ee) Importer(815301076,1909f56bfc062723c751e8b465ee728b)
Start importing Assets/Art/Player/mhliftoff.png using Guid(eaef0786f4e0a5b49939dd54d2ec82ee) Importer(815301076,1909f56bfc062723c751e8b465ee728b)  -> (artifact id: '2e68f6ac8083bba86f10ea869c0fb891') in 0.066645 seconds 
========================================================================
Received Import Request.
  Time since last request: 0.000070 seconds.
  path: Assets/Art/Player/lhrun.png
  artifactKey: Guid(9f2c5c7910f53824d9e7e9c0507fc401) Importer(815301076,1909f56bfc062723c751e8b465ee728b)
Start importing Assets/Art/Player/lhrun.png using Guid(9f2c5c7910f53824d9e7e9c0507fc401) Importer(815301076,1909f56bfc062723c751e8b465ee728b)  -> (artifact id: '36defdc49bdb50d04a2f1c1881fe7beb') in 0.052219 seconds 
========================================================================
Received Import Request.
  Time since last request: 32.869407 seconds.
  path: Assets/Art/Player/HHhurt.png
  artifactKey: Guid(9a73300b6c9b47d41823f4f677ce096a) Importer(815301076,1909f56bfc062723c751e8b465ee728b)
Start importing Assets/Art/Player/HHhurt.png using Guid(9a73300b6c9b47d41823f4f677ce096a) Importer(815301076,1909f56bfc062723c751e8b465ee728b)  -> (artifact id: '04edbd1833957ca86677f587ee85c41e') in 0.044102 seconds 
========================================================================
Received Import Request.
  Time since last request: 0.000043 seconds.
  path: Assets/Art/Player/LHhurt.png
  artifactKey: Guid(6592207248f518645b8ecf72a3f5822c) Importer(815301076,1909f56bfc062723c751e8b465ee728b)
Start importing Assets/Art/Player/LHhurt.png using Guid(6592207248f518645b8ecf72a3f5822c) Importer(815301076,1909f56bfc062723c751e8b465ee728b)  -> (artifact id: '3c3f201794a2415972a58224a6e7bed4') in 0.043033 seconds 
========================================================================
Received Import Request.
  Time since last request: 0.000048 seconds.
  path: Assets/Art/Player/hhrun.png
  artifactKey: Guid(37364b345ae77b64b97223d5457368b9) Importer(815301076,1909f56bfc062723c751e8b465ee728b)
Start importing Assets/Art/Player/hhrun.png using Guid(37364b345ae77b64b97223d5457368b9) Importer(815301076,1909f56bfc062723c751e8b465ee728b)  -> (artifact id: '7651f8ae9857d2281ea15290c02a6ea6') in 0.050046 seconds 
========================================================================
Received Import Request.
  Time since last request: 0.000044 seconds.
  path: Assets/Art/Player/mhlanding.png
  artifactKey: Guid(0e7eb9414a6291543bb8be47d495e561) Importer(815301076,1909f56bfc062723c751e8b465ee728b)
Start importing Assets/Art/Player/mhlanding.png using Guid(0e7eb9414a6291543bb8be47d495e561) Importer(815301076,1909f56bfc062723c751e8b465ee728b)  -> (artifact id: 'e301f7d7f90747c7f2423a2dbc639ffe') in 0.062190 seconds 
========================================================================
Received Import Request.
  Time since last request: 0.000050 seconds.
  path: Assets/Art/Player/lhliftoff.png
  artifactKey: Guid(ef630f1ad7a87c74aa97729d4193dc6e) Importer(815301076,1909f56bfc062723c751e8b465ee728b)
Start importing Assets/Art/Player/lhliftoff.png using Guid(ef630f1ad7a87c74aa97729d4193dc6e) Importer(815301076,1909f56bfc062723c751e8b465ee728b)  -> (artifact id: '8bf0fba6158815990071eb6999c2b260') in 0.077751 seconds 
========================================================================
Received Import Request.
  Time since last request: 0.000058 seconds.
  path: Assets/Art/Player/Mwalk.png
  artifactKey: Guid(9ad3daa1e58afe04d9c11bea4ca7a400) Importer(815301076,1909f56bfc062723c751e8b465ee728b)
Start importing Assets/Art/Player/Mwalk.png using Guid(9ad3daa1e58afe04d9c11bea4ca7a400) Importer(815301076,1909f56bfc062723c751e8b465ee728b)  -> (artifact id: 'ffdb470445570b2e91a8fecd7f2257bb') in 0.055530 seconds 
========================================================================
Received Import Request.
  Time since last request: 0.000057 seconds.
  path: Assets/Art/Player/lhlanding.png
  artifactKey: Guid(060965d22f91b8c41a031f2e480ca741) Importer(815301076,1909f56bfc062723c751e8b465ee728b)
Start importing Assets/Art/Player/lhlanding.png using Guid(060965d22f91b8c41a031f2e480ca741) Importer(815301076,1909f56bfc062723c751e8b465ee728b)  -> (artifact id: 'cd1f78c0b976ac810eb5571395fe606e') in 0.085316 seconds 
========================================================================
Received Import Request.
  Time since last request: 19.258907 seconds.
  path: Assets/Art/Player/HHhurt.png
  artifactKey: Guid(9a73300b6c9b47d41823f4f677ce096a) Importer(815301076,1909f56bfc062723c751e8b465ee728b)
Start importing Assets/Art/Player/HHhurt.png using Guid(9a73300b6c9b47d41823f4f677ce096a) Importer(815301076,1909f56bfc062723c751e8b465ee728b)  -> (artifact id: 'b3376b15d26b218602393264080da82f') in 0.039279 seconds 
========================================================================
Received Import Request.
  Time since last request: 0.000032 seconds.
  path: Assets/Art/Player/LHhurt.png
  artifactKey: Guid(6592207248f518645b8ecf72a3f5822c) Importer(815301076,1909f56bfc062723c751e8b465ee728b)
Start importing Assets/Art/Player/LHhurt.png using Guid(6592207248f518645b8ecf72a3f5822c) Importer(815301076,1909f56bfc062723c751e8b465ee728b)  -> (artifact id: 'a805e61f8d5cc732a1955164bb365dd7') in 0.038821 seconds 
========================================================================
Received Import Request.
  Time since last request: 0.000078 seconds.
  path: Assets/Art/Player/lhfloat.png
  artifactKey: Guid(a9c18d89950282e4b83b5e5e6a2c27f3) Importer(815301076,1909f56bfc062723c751e8b465ee728b)
Start importing Assets/Art/Player/lhfloat.png using Guid(a9c18d89950282e4b83b5e5e6a2c27f3) Importer(815301076,1909f56bfc062723c751e8b465ee728b)  -> (artifact id: '040d91937b6f8487ec9b01f2e4a86c05') in 0.063097 seconds 
========================================================================
Received Import Request.
  Time since last request: 0.000046 seconds.
  path: Assets/Art/Player/MHidle.png
  artifactKey: Guid(ff66e3965a3edab42b8ede5c171a6a14) Importer(815301076,1909f56bfc062723c751e8b465ee728b)
Start importing Assets/Art/Player/MHidle.png using Guid(ff66e3965a3edab42b8ede5c171a6a14) Importer(815301076,1909f56bfc062723c751e8b465ee728b)  -> (artifact id: '23eb202cd52356f5e454f18c8f84f66e') in 0.066833 seconds 
========================================================================
Received Import Request.
  Time since last request: 0.000052 seconds.
  path: Assets/Art/Player/mhrun.png
  artifactKey: Guid(5e1df7e21118a2d41b8a74d7b4cb8d4d) Importer(815301076,1909f56bfc062723c751e8b465ee728b)
Start importing Assets/Art/Player/mhrun.png using Guid(5e1df7e21118a2d41b8a74d7b4cb8d4d) Importer(815301076,1909f56bfc062723c751e8b465ee728b)  -> (artifact id: 'b72768c49bc8ebf923c8657dcdad30a0') in 0.043402 seconds 
========================================================================
Received Import Request.
  Time since last request: 0.000029 seconds.
  path: Assets/Art/Player/Hwalk.png
  artifactKey: Guid(25f3e7bf55a23f84e9d12e16b4e39535) Importer(815301076,1909f56bfc062723c751e8b465ee728b)
Start importing Assets/Art/Player/Hwalk.png using Guid(25f3e7bf55a23f84e9d12e16b4e39535) Importer(815301076,1909f56bfc062723c751e8b465ee728b)  -> (artifact id: '15594e57d3bdc72cddc63422ebcafbc4') in 0.127198 seconds 
========================================================================
Received Import Request.
  Time since last request: 0.000053 seconds.
  path: Assets/Art/Player/mhliftoff.png
  artifactKey: Guid(eaef0786f4e0a5b49939dd54d2ec82ee) Importer(815301076,1909f56bfc062723c751e8b465ee728b)
Start importing Assets/Art/Player/mhliftoff.png using Guid(eaef0786f4e0a5b49939dd54d2ec82ee) Importer(815301076,1909f56bfc062723c751e8b465ee728b)  -> (artifact id: 'f969f0e4821146da03ab8c33bf608e34') in 0.097168 seconds 
========================================================================
Received Prepare
Registering precompiled user dll's ...
Registered in 0.008749 seconds.
Begin MonoManager ReloadAssembly
Symbol file LoadedFromMemory doesn't match image C:\Users\Razam\Documents\GitHub\CadenceFiles\Cadence\Cadence\Library\PackageCache\com.unity.visualscripting@1.7.8\Editor\VisualScripting.Core\Dependencies\YamlDotNet\Unity.VisualScripting.YamlDotNet.dll
Symbol file LoadedFromMemory doesn't match image C:\Users\Razam\Documents\GitHub\CadenceFiles\Cadence\Cadence\Library\PackageCache\com.unity.visualscripting@1.7.8\Editor\VisualScripting.Core\Dependencies\DotNetZip\Unity.VisualScripting.IonicZip.dll
Native extension for WindowsStandalone target not found
Refreshing native plugins compatible for Editor in 0.93 ms, found 4 plugins.
Preloading 0 native plugins for Editor in 0.00 ms.
Mono: successfully reloaded assembly
- Completed reload, in  0.944 seconds
Domain Reload Profiling:
	ReloadAssembly (944ms)
		BeginReloadAssembly (132ms)
			ExecutionOrderSort (0ms)
			DisableScriptedObjects (6ms)
			BackupInstance (0ms)
			ReleaseScriptingObjects (0ms)
			CreateAndSetChildDomain (44ms)
		EndReloadAssembly (725ms)
			LoadAssemblies (84ms)
			RebuildTransferFunctionScriptingTraits (0ms)
			SetupTypeCache (222ms)
			ReleaseScriptCaches (2ms)
			RebuildScriptCaches (49ms)
			SetupLoadedEditorAssemblies (319ms)
				LogAssemblyErrors (0ms)
				InitializePlatformSupportModulesInManaged (11ms)
				SetLoadedEditorAssemblies (1ms)
				RefreshPlugins (1ms)
				BeforeProcessingInitializeOnLoad (71ms)
				ProcessInitializeOnLoadAttributes (194ms)
				ProcessInitializeOnLoadMethodAttributes (36ms)
				AfterProcessingInitializeOnLoad (5ms)
				EditorAssembliesLoaded (0ms)
			ExecutionOrderSort2 (0ms)
			AwakeInstancesAfterBackupRestoration (11ms)
Platform modules already initialized, skipping
Refreshing native plugins compatible for Editor in 3.70 ms, found 4 plugins.
Preloading 0 native plugins for Editor in 0.00 ms.
Unloading 4063 Unused Serialized files (Serialized files now loaded: 0)
Unloading 31 unused Assets / (195.8 KB). Loaded Objects now: 4533.
Memory consumption went from 155.7 MB to 155.5 MB.
Total: 4.895300 ms (FindLiveObjects: 0.371300 ms CreateObjectMapping: 0.373700 ms MarkObjects: 3.991100 ms  DeleteObjects: 0.158200 ms)

AssetImportParameters requested are different than current active one (requested -> active):
  custom:video-decoder-ogg-theora: a1e56fd34408186e4bbccfd4996cb3dc -> 
  custom:container-muxer-webm: aa71ff27fc2769a1b78a27578f13a17b -> 
  custom:container-demuxer-webm: 4f35f7cbe854078d1ac9338744f61a02 -> 
  custom:video-encoder-webm-vp8: eb34c28f22e8b96e1ab97ce403110664 -> 
  custom:video-codec-MediaFoundation-h265: 746d11721c4dcdbdad8f713fa42b33f4 -> 
  custom:audio-encoder-webm-vorbis: bf7c407c2cedff20999df2af8eb42d56 -> 
  custom:framework-win-MediaFoundation: 216162199b28c13a410421893ffa2e32 -> 
  custom:container-demuxer-ogg: 62fdf1f143b41e24485cea50d1cbac27 -> 
  custom:video-decoder-webm-vp8: 9c59270c3fd7afecdb556c50c9e8de78 -> 
  custom:audio-decoder-ogg-vorbis: bf7c407c2cedff20999df2af8eb42d56 -> 
========================================================================
Received Prepare
Registering precompiled user dll's ...
Registered in 0.007594 seconds.
Begin MonoManager ReloadAssembly
Symbol file LoadedFromMemory doesn't match image C:\Users\Razam\Documents\GitHub\CadenceFiles\Cadence\Cadence\Library\PackageCache\com.unity.visualscripting@1.7.8\Editor\VisualScripting.Core\Dependencies\YamlDotNet\Unity.VisualScripting.YamlDotNet.dll
Symbol file LoadedFromMemory doesn't match image C:\Users\Razam\Documents\GitHub\CadenceFiles\Cadence\Cadence\Library\PackageCache\com.unity.visualscripting@1.7.8\Editor\VisualScripting.Core\Dependencies\DotNetZip\Unity.VisualScripting.IonicZip.dll
Native extension for WindowsStandalone target not found
Refreshing native plugins compatible for Editor in 0.94 ms, found 4 plugins.
Preloading 0 native plugins for Editor in 0.00 ms.
Mono: successfully reloaded assembly
- Completed reload, in  0.945 seconds
Domain Reload Profiling:
	ReloadAssembly (946ms)
		BeginReloadAssembly (115ms)
			ExecutionOrderSort (0ms)
			DisableScriptedObjects (6ms)
			BackupInstance (0ms)
			ReleaseScriptingObjects (0ms)
			CreateAndSetChildDomain (35ms)
		EndReloadAssembly (743ms)
			LoadAssemblies (81ms)
			RebuildTransferFunctionScriptingTraits (0ms)
			SetupTypeCache (225ms)
			ReleaseScriptCaches (2ms)
			RebuildScriptCaches (50ms)
			SetupLoadedEditorAssemblies (332ms)
				LogAssemblyErrors (0ms)
				InitializePlatformSupportModulesInManaged (13ms)
				SetLoadedEditorAssemblies (1ms)
				RefreshPlugins (1ms)
				BeforeProcessingInitializeOnLoad (73ms)
				ProcessInitializeOnLoadAttributes (196ms)
				ProcessInitializeOnLoadMethodAttributes (42ms)
				AfterProcessingInitializeOnLoad (6ms)
				EditorAssembliesLoaded (0ms)
			ExecutionOrderSort2 (0ms)
			AwakeInstancesAfterBackupRestoration (9ms)
Platform modules already initialized, skipping
Refreshing native plugins compatible for Editor in 2.45 ms, found 4 plugins.
Preloading 0 native plugins for Editor in 0.00 ms.
Unloading 4063 Unused Serialized files (Serialized files now loaded: 0)
Unloading 31 unused Assets / (196.0 KB). Loaded Objects now: 4536.
Memory consumption went from 155.7 MB to 155.5 MB.
Total: 3.815900 ms (FindLiveObjects: 0.338000 ms CreateObjectMapping: 0.374700 ms MarkObjects: 2.946700 ms  DeleteObjects: 0.155400 ms)

AssetImportParameters requested are different than current active one (requested -> active):
  custom:video-decoder-ogg-theora: a1e56fd34408186e4bbccfd4996cb3dc -> 
  custom:container-muxer-webm: aa71ff27fc2769a1b78a27578f13a17b -> 
  custom:container-demuxer-webm: 4f35f7cbe854078d1ac9338744f61a02 -> 
  custom:video-encoder-webm-vp8: eb34c28f22e8b96e1ab97ce403110664 -> 
  custom:video-codec-MediaFoundation-h265: 746d11721c4dcdbdad8f713fa42b33f4 -> 
  custom:audio-encoder-webm-vorbis: bf7c407c2cedff20999df2af8eb42d56 -> 
  custom:framework-win-MediaFoundation: 216162199b28c13a410421893ffa2e32 -> 
  custom:container-demuxer-ogg: 62fdf1f143b41e24485cea50d1cbac27 -> 
  custom:video-decoder-webm-vp8: 9c59270c3fd7afecdb556c50c9e8de78 -> 
  custom:audio-decoder-ogg-vorbis: bf7c407c2cedff20999df2af8eb42d56 -> 
Editor requested this worker to shutdown with reason: Scaling down because of idle timeout
AssetImportWorker is now disconnected from the server
Process exiting
Exiting without the bug reporter. Application will terminate with return code 0